{"C:\\Users\\milag\\OneDrive\\Desktop\\CSE110\\final-project\\js\\Character.js": {"path":"C:\\Users\\milag\\OneDrive\\Desktop\\CSE110\\final-project\\js\\Character.js","statementMap":{"0":{"start":{"line":18,"column":4},"end":{"line":25,"column":5}},"1":{"start":{"line":19,"column":6},"end":{"line":19,"column":27}},"2":{"start":{"line":21,"column":6},"end":{"line":21,"column":22}},"3":{"start":{"line":22,"column":6},"end":{"line":22,"column":42}},"4":{"start":{"line":23,"column":6},"end":{"line":23,"column":48}},"5":{"start":{"line":24,"column":6},"end":{"line":24,"column":27}},"6":{"start":{"line":35,"column":23},"end":{"line":35,"column":50}},"7":{"start":{"line":36,"column":4},"end":{"line":38,"column":5}},"8":{"start":{"line":37,"column":6},"end":{"line":37,"column":86}},"9":{"start":{"line":39,"column":4},"end":{"line":39,"column":15}},"10":{"start":{"line":50,"column":30},"end":{"line":50,"column":52}},"11":{"start":{"line":51,"column":29},"end":{"line":51,"column":56}},"12":{"start":{"line":52,"column":23},"end":{"line":52,"column":46}},"13":{"start":{"line":53,"column":39},"end":{"line":53,"column":76}},"14":{"start":{"line":54,"column":4},"end":{"line":54,"column":88}},"15":{"start":{"line":64,"column":4},"end":{"line":64,"column":109}},"16":{"start":{"line":65,"column":4},"end":{"line":65,"column":33}},"17":{"start":{"line":77,"column":27},"end":{"line":77,"column":58}},"18":{"start":{"line":78,"column":4},"end":{"line":84,"column":5}},"19":{"start":{"line":79,"column":6},"end":{"line":79,"column":34}},"20":{"start":{"line":80,"column":11},"end":{"line":84,"column":5}},"21":{"start":{"line":81,"column":6},"end":{"line":81,"column":32}},"22":{"start":{"line":83,"column":6},"end":{"line":83,"column":45}},"23":{"start":{"line":86,"column":18},"end":{"line":86,"column":57}},"24":{"start":{"line":87,"column":4},"end":{"line":87,"column":33}},"25":{"start":{"line":88,"column":4},"end":{"line":88,"column":25}},"26":{"start":{"line":98,"column":4},"end":{"line":108,"column":5}},"27":{"start":{"line":99,"column":6},"end":{"line":99,"column":18}},"28":{"start":{"line":100,"column":11},"end":{"line":108,"column":5}},"29":{"start":{"line":101,"column":6},"end":{"line":101,"column":23}},"30":{"start":{"line":102,"column":11},"end":{"line":108,"column":5}},"31":{"start":{"line":103,"column":6},"end":{"line":103,"column":19}},"32":{"start":{"line":104,"column":11},"end":{"line":108,"column":5}},"33":{"start":{"line":105,"column":6},"end":{"line":105,"column":20}},"34":{"start":{"line":107,"column":6},"end":{"line":107,"column":20}},"35":{"start":{"line":118,"column":4},"end":{"line":118,"column":109}},"36":{"start":{"line":119,"column":4},"end":{"line":129,"column":5}},"37":{"start":{"line":120,"column":6},"end":{"line":120,"column":57}},"38":{"start":{"line":121,"column":11},"end":{"line":129,"column":5}},"39":{"start":{"line":122,"column":6},"end":{"line":122,"column":62}},"40":{"start":{"line":123,"column":11},"end":{"line":129,"column":5}},"41":{"start":{"line":124,"column":6},"end":{"line":124,"column":62}},"42":{"start":{"line":125,"column":11},"end":{"line":129,"column":5}},"43":{"start":{"line":126,"column":6},"end":{"line":126,"column":62}},"44":{"start":{"line":128,"column":6},"end":{"line":128,"column":62}},"45":{"start":{"line":139,"column":18},"end":{"line":139,"column":59}},"46":{"start":{"line":140,"column":17},"end":{"line":140,"column":40}},"47":{"start":{"line":141,"column":4},"end":{"line":141,"column":40}},"48":{"start":{"line":149,"column":17},"end":{"line":153,"column":5}},"49":{"start":{"line":154,"column":4},"end":{"line":154,"column":59}},"50":{"start":{"line":162,"column":22},"end":{"line":162,"column":67}},"51":{"start":{"line":163,"column":4},"end":{"line":167,"column":5}},"52":{"start":{"line":164,"column":6},"end":{"line":164,"column":32}},"53":{"start":{"line":165,"column":6},"end":{"line":165,"column":52}},"54":{"start":{"line":166,"column":6},"end":{"line":166,"column":58}}},"fnMap":{"0":{"name":"(anonymous_0)","decl":{"start":{"line":17,"column":2},"end":{"line":17,"column":3}},"loc":{"start":{"line":17,"column":64},"end":{"line":26,"column":3}},"line":17},"1":{"name":"(anonymous_1)","decl":{"start":{"line":34,"column":2},"end":{"line":34,"column":3}},"loc":{"start":{"line":34,"column":23},"end":{"line":40,"column":3}},"line":34},"2":{"name":"(anonymous_2)","decl":{"start":{"line":49,"column":2},"end":{"line":49,"column":3}},"loc":{"start":{"line":49,"column":22},"end":{"line":55,"column":3}},"line":49},"3":{"name":"(anonymous_3)","decl":{"start":{"line":63,"column":2},"end":{"line":63,"column":3}},"loc":{"start":{"line":63,"column":28},"end":{"line":66,"column":3}},"line":63},"4":{"name":"(anonymous_4)","decl":{"start":{"line":76,"column":2},"end":{"line":76,"column":3}},"loc":{"start":{"line":76,"column":29},"end":{"line":89,"column":3}},"line":76},"5":{"name":"(anonymous_5)","decl":{"start":{"line":97,"column":2},"end":{"line":97,"column":3}},"loc":{"start":{"line":97,"column":26},"end":{"line":109,"column":3}},"line":97},"6":{"name":"(anonymous_6)","decl":{"start":{"line":117,"column":2},"end":{"line":117,"column":3}},"loc":{"start":{"line":117,"column":36},"end":{"line":130,"column":3}},"line":117},"7":{"name":"(anonymous_7)","decl":{"start":{"line":138,"column":2},"end":{"line":138,"column":3}},"loc":{"start":{"line":138,"column":22},"end":{"line":142,"column":3}},"line":138},"8":{"name":"(anonymous_8)","decl":{"start":{"line":148,"column":2},"end":{"line":148,"column":3}},"loc":{"start":{"line":148,"column":20},"end":{"line":155,"column":3}},"line":148},"9":{"name":"(anonymous_9)","decl":{"start":{"line":161,"column":2},"end":{"line":161,"column":3}},"loc":{"start":{"line":161,"column":20},"end":{"line":168,"column":3}},"line":161}},"branchMap":{"0":{"loc":{"start":{"line":17,"column":15},"end":{"line":17,"column":26}},"type":"default-arg","locations":[{"start":{"line":17,"column":22},"end":{"line":17,"column":26}}],"line":17},"1":{"loc":{"start":{"line":17,"column":28},"end":{"line":17,"column":39}},"type":"default-arg","locations":[{"start":{"line":17,"column":35},"end":{"line":17,"column":39}}],"line":17},"2":{"loc":{"start":{"line":17,"column":41},"end":{"line":17,"column":62}},"type":"default-arg","locations":[{"start":{"line":17,"column":61},"end":{"line":17,"column":62}}],"line":17},"3":{"loc":{"start":{"line":18,"column":4},"end":{"line":25,"column":5}},"type":"if","locations":[{"start":{"line":18,"column":4},"end":{"line":25,"column":5}},{"start":{"line":20,"column":11},"end":{"line":25,"column":5}}],"line":18},"4":{"loc":{"start":{"line":18,"column":8},"end":{"line":18,"column":38}},"type":"binary-expr","locations":[{"start":{"line":18,"column":8},"end":{"line":18,"column":21}},{"start":{"line":18,"column":25},"end":{"line":18,"column":38}}],"line":18},"5":{"loc":{"start":{"line":36,"column":4},"end":{"line":38,"column":5}},"type":"if","locations":[{"start":{"line":36,"column":4},"end":{"line":38,"column":5}},{"start":{},"end":{}}],"line":36},"6":{"loc":{"start":{"line":78,"column":4},"end":{"line":84,"column":5}},"type":"if","locations":[{"start":{"line":78,"column":4},"end":{"line":84,"column":5}},{"start":{"line":80,"column":11},"end":{"line":84,"column":5}}],"line":78},"7":{"loc":{"start":{"line":80,"column":11},"end":{"line":84,"column":5}},"type":"if","locations":[{"start":{"line":80,"column":11},"end":{"line":84,"column":5}},{"start":{"line":82,"column":11},"end":{"line":84,"column":5}}],"line":80},"8":{"loc":{"start":{"line":98,"column":4},"end":{"line":108,"column":5}},"type":"if","locations":[{"start":{"line":98,"column":4},"end":{"line":108,"column":5}},{"start":{"line":100,"column":11},"end":{"line":108,"column":5}}],"line":98},"9":{"loc":{"start":{"line":100,"column":11},"end":{"line":108,"column":5}},"type":"if","locations":[{"start":{"line":100,"column":11},"end":{"line":108,"column":5}},{"start":{"line":102,"column":11},"end":{"line":108,"column":5}}],"line":100},"10":{"loc":{"start":{"line":102,"column":11},"end":{"line":108,"column":5}},"type":"if","locations":[{"start":{"line":102,"column":11},"end":{"line":108,"column":5}},{"start":{"line":104,"column":11},"end":{"line":108,"column":5}}],"line":102},"11":{"loc":{"start":{"line":104,"column":11},"end":{"line":108,"column":5}},"type":"if","locations":[{"start":{"line":104,"column":11},"end":{"line":108,"column":5}},{"start":{"line":106,"column":11},"end":{"line":108,"column":5}}],"line":104},"12":{"loc":{"start":{"line":119,"column":4},"end":{"line":129,"column":5}},"type":"if","locations":[{"start":{"line":119,"column":4},"end":{"line":129,"column":5}},{"start":{"line":121,"column":11},"end":{"line":129,"column":5}}],"line":119},"13":{"loc":{"start":{"line":121,"column":11},"end":{"line":129,"column":5}},"type":"if","locations":[{"start":{"line":121,"column":11},"end":{"line":129,"column":5}},{"start":{"line":123,"column":11},"end":{"line":129,"column":5}}],"line":121},"14":{"loc":{"start":{"line":123,"column":11},"end":{"line":129,"column":5}},"type":"if","locations":[{"start":{"line":123,"column":11},"end":{"line":129,"column":5}},{"start":{"line":125,"column":11},"end":{"line":129,"column":5}}],"line":123},"15":{"loc":{"start":{"line":125,"column":11},"end":{"line":129,"column":5}},"type":"if","locations":[{"start":{"line":125,"column":11},"end":{"line":129,"column":5}},{"start":{"line":127,"column":11},"end":{"line":129,"column":5}}],"line":125},"16":{"loc":{"start":{"line":163,"column":4},"end":{"line":167,"column":5}},"type":"if","locations":[{"start":{"line":163,"column":4},"end":{"line":167,"column":5}},{"start":{},"end":{}}],"line":163}},"s":{"0":5,"1":0,"2":5,"3":5,"4":5,"5":5,"6":5,"7":5,"8":0,"9":5,"10":0,"11":0,"12":0,"13":0,"14":0,"15":0,"16":0,"17":2,"18":2,"19":0,"20":2,"21":0,"22":2,"23":2,"24":2,"25":0,"26":0,"27":0,"28":0,"29":0,"30":0,"31":0,"32":0,"33":0,"34":0,"35":0,"36":0,"37":0,"38":0,"39":0,"40":0,"41":0,"42":0,"43":0,"44":0,"45":0,"46":0,"47":0,"48":5,"49":5,"50":0,"51":0,"52":0,"53":0,"54":0},"f":{"0":5,"1":5,"2":0,"3":0,"4":2,"5":0,"6":0,"7":0,"8":5,"9":0},"b":{"0":[0],"1":[0],"2":[2],"3":[0,5],"4":[5,5],"5":[0,5],"6":[0,2],"7":[0,2],"8":[0,0],"9":[0,0],"10":[0,0],"11":[0,0],"12":[0,0],"13":[0,0],"14":[0,0],"15":[0,0],"16":[0,0]},"inputSourceMap":null,"_coverageSchema":"1a1c01bbd47fc00a2c39e90264f33305004495a9","hash":"4e28304fbdc0a3627f2bb2d3ca61dd58376f7f72"}
}
