TN:
SF:js\Character.js
FN:17,(anonymous_0)
FN:34,(anonymous_1)
FN:49,(anonymous_2)
FN:63,(anonymous_3)
FN:76,(anonymous_4)
FN:97,(anonymous_5)
FN:117,(anonymous_6)
FN:138,(anonymous_7)
FN:148,(anonymous_8)
FN:161,(anonymous_9)
FNF:10
FNH:4
FNDA:5,(anonymous_0)
FNDA:5,(anonymous_1)
FNDA:0,(anonymous_2)
FNDA:0,(anonymous_3)
FNDA:2,(anonymous_4)
FNDA:0,(anonymous_5)
FNDA:0,(anonymous_6)
FNDA:0,(anonymous_7)
FNDA:5,(anonymous_8)
FNDA:0,(anonymous_9)
DA:18,5
DA:19,0
DA:21,5
DA:22,5
DA:23,5
DA:24,5
DA:35,5
DA:36,5
DA:37,0
DA:39,5
DA:50,0
DA:51,0
DA:52,0
DA:53,0
DA:54,0
DA:64,0
DA:65,0
DA:77,2
DA:78,2
DA:79,0
DA:80,2
DA:81,0
DA:83,2
DA:86,2
DA:87,2
DA:88,0
DA:98,0
DA:99,0
DA:100,0
DA:101,0
DA:102,0
DA:103,0
DA:104,0
DA:105,0
DA:107,0
DA:118,0
DA:119,0
DA:120,0
DA:121,0
DA:122,0
DA:123,0
DA:124,0
DA:125,0
DA:126,0
DA:128,0
DA:139,0
DA:140,0
DA:141,0
DA:149,5
DA:154,5
DA:162,0
DA:163,0
DA:164,0
DA:165,0
DA:166,0
LF:55
LH:16
BRDA:17,0,0,0
BRDA:17,1,0,0
BRDA:17,2,0,2
BRDA:18,3,0,0
BRDA:18,3,1,5
BRDA:18,4,0,5
BRDA:18,4,1,5
BRDA:36,5,0,0
BRDA:36,5,1,5
BRDA:78,6,0,0
BRDA:78,6,1,2
BRDA:80,7,0,0
BRDA:80,7,1,2
BRDA:98,8,0,0
BRDA:98,8,1,0
BRDA:100,9,0,0
BRDA:100,9,1,0
BRDA:102,10,0,0
BRDA:102,10,1,0
BRDA:104,11,0,0
BRDA:104,11,1,0
BRDA:119,12,0,0
BRDA:119,12,1,0
BRDA:121,13,0,0
BRDA:121,13,1,0
BRDA:123,14,0,0
BRDA:123,14,1,0
BRDA:125,15,0,0
BRDA:125,15,1,0
BRDA:163,16,0,0
BRDA:163,16,1,0
BRF:31
BRH:7
end_of_record
